[debug] [2024-01-21T17:09:04.712Z] ----------------------------------------------------------------------
[debug] [2024-01-21T17:09:04.713Z] Command:       C:\Program Files\nodejs\node.exe C:\Users\himan\AppData\Roaming\npm\node_modules\firebase-tools\lib\bin\firebase.js init
[debug] [2024-01-21T17:09:04.714Z] CLI Version:   13.0.3
[debug] [2024-01-21T17:09:04.714Z] Platform:      win32
[debug] [2024-01-21T17:09:04.714Z] Node Version:  v18.14.2
[debug] [2024-01-21T17:09:04.715Z] Time:          Sun Jan 21 2024 22:39:04 GMT+0530 (India Standard Time)
[debug] [2024-01-21T17:09:04.715Z] ----------------------------------------------------------------------
[debug] 
[debug] [2024-01-21T17:09:04.720Z] > command requires scopes: ["email","openid","https://www.googleapis.com/auth/cloudplatformprojects.readonly","https://www.googleapis.com/auth/firebase","https://www.googleapis.com/auth/cloud-platform"]
[debug] [2024-01-21T17:09:04.721Z] > authorizing via signed-in user (himanshutrivedi521@gmail.com)
[info] 
     ######## #### ########  ######## ########     ###     ######  ########
     ##        ##  ##     ## ##       ##     ##  ##   ##  ##       ##
     ######    ##  ########  ######   ########  #########  ######  ######
     ##        ##  ##    ##  ##       ##     ## ##     ##       ## ##
     ##       #### ##     ## ######## ########  ##     ##  ######  ########

You're about to initialize a Firebase project in this directory:

  C:\Users\himan\Desktop\netflix gpt\New folder\my-project

[debug] [2024-01-21T17:11:40.105Z] ----------------------------------------------------------------------
[debug] [2024-01-21T17:11:40.107Z] Command:       C:\Program Files\nodejs\node.exe C:\Users\himan\AppData\Roaming\npm\node_modules\firebase-tools\lib\bin\firebase.js init
[debug] [2024-01-21T17:11:40.107Z] CLI Version:   13.0.3
[debug] [2024-01-21T17:11:40.107Z] Platform:      win32
[debug] [2024-01-21T17:11:40.107Z] Node Version:  v18.14.2
[debug] [2024-01-21T17:11:40.108Z] Time:          Sun Jan 21 2024 22:41:40 GMT+0530 (India Standard Time)
[debug] [2024-01-21T17:11:40.108Z] ----------------------------------------------------------------------
[debug] 
[debug] [2024-01-21T17:11:40.113Z] > command requires scopes: ["email","openid","https://www.googleapis.com/auth/cloudplatformprojects.readonly","https://www.googleapis.com/auth/firebase","https://www.googleapis.com/auth/cloud-platform"]
[debug] [2024-01-21T17:11:40.114Z] > authorizing via signed-in user (himanshutrivedi521@gmail.com)
[info] 
     ######## #### ########  ######## ########     ###     ######  ########
     ##        ##  ##     ## ##       ##     ##  ##   ##  ##       ##
     ######    ##  ########  ######   ########  #########  ######  ######
     ##        ##  ##    ##  ##       ##     ## ##     ##       ## ##
     ##       #### ##     ## ######## ########  ##     ##  ######  ########

You're about to initialize a Firebase project in this directory:

  C:\Users\himan\Desktop\netflix gpt\New folder\my-project

